<?xml version="1.0" encoding="UTF-8"?>
<testsuite name="TestMe" tests="1" skipped="0" failures="0" errors="0" timestamp="2017-11-11T16:52:19" hostname="amon-desktop" time="0.002">
  <properties/>
  <testcase name="testMe" classname="TestMe" time="0.002"/>
  <system-out><![CDATA[KAMEHAMEHAAAAAAAAAAAAAAAA!!!!!
]]></system-out>
  <system-err><![CDATA[]]></system-err>
</testsuite>
